2025-04-27 03:16:26,705 - DEBUG - Request: <function get at 0x7f9f4bf3c430> https://habitica.com/api/v3/members/fb839cf4-222e-42a9-a51a-f083746a5a47
2025-04-27 03:16:33,458 - DEBUG - Request: <function get at 0x7f9f4bf3c430> https://habitica.com/api/v3/looking-for-party
2025-04-27 03:16:35,602 - DEBUG - Request: <function post at 0x7f9f4bf3c5e0> https://habitica.com/api/v3/groups/party/invite
2025-04-27 03:16:37,950 - DEBUG - Request: <function post at 0x7f9f4bf3c5e0> https://habitica.com/api/v3/groups/party/chat
2025-04-27 03:16:37,950 - INFO - Party chat message sent: #### Here is a list of invited member(s): 

- [Jared Gomez](https://habitica.com/profile/bbfbe1e1-8189-48c6-8370-717dbbd7891d)

###### by [`scheduled Actions`](https://github.com/Delta-Water/Habitica-Party/).
2025-04-27 03:16:37,951 - INFO - Invitations sent to ['Jared Gomez'].
2025-04-27 03:16:37,951 - INFO - Habitica party management script completed successfully.
2025-04-27 03:48:01,236 - INFO - # 4261
2025-04-27 03:48:01,484 - DEBUG - Request: <function get at 0x7fedbe9b8430> https://habitica.com/api/v3/groups/party/members
2025-04-27 03:48:03,680 - DEBUG - Request: <function get at 0x7fedbe9b8430> https://habitica.com/api/v3/members/088d8c92-02b2-4e20-823d-1fab25549255
2025-04-27 03:48:05,846 - DEBUG - Request: <function get at 0x7fedbe9b8430> https://habitica.com/api/v3/members/0b41e9cd-4d27-4841-b887-1d4faf7cb390
2025-04-27 03:48:08,052 - DEBUG - Request: <function get at 0x7fedbe9b8430> https://habitica.com/api/v3/members/0c0f7c85-363c-48ca-a502-cc7fc154a177
2025-04-27 03:48:10,320 - DEBUG - Request: <function get at 0x7fedbe9b8430> https://habitica.com/api/v3/members/1347f170-5bff-4012-920a-afc7a40a86d1
2025-04-27 03:48:12,498 - DEBUG - Request: <function get at 0x7fedbe9b8430> https://habitica.com/api/v3/members/2f954fc0-426a-4757-812c-28e17dd455ec
2025-04-27 03:48:14,654 - DEBUG - Request: <function get at 0x7fedbe9b8430> https://habitica.com/api/v3/members/3e95e228-d253-482a-b95e-0130df2126e2
2025-04-27 03:48:16,831 - DEBUG - Request: <function get at 0x7fedbe9b8430> https://habitica.com/api/v3/members/51acdc8d-e1cf-4d89-a0f0-0ecedcde9e26
2025-04-27 03:48:18,961 - DEBUG - Request: <function get at 0x7fedbe9b8430> https://habitica.com/api/v3/members/64491d41-97f3-4428-b4d3-d7dda1cca648
2025-04-27 03:48:21,089 - DEBUG - Request: <function get at 0x7fedbe9b8430> https://habitica.com/api/v3/members/708ddcc9-a990-4763-b09f-48f990c121f8
2025-04-27 03:48:23,312 - DEBUG - Request: <function get at 0x7fedbe9b8430> https://habitica.com/api/v3/members/70b71ce7-125f-43b3-b384-4592b93b19f5
2025-04-27 03:48:25,525 - DEBUG - Request: <function get at 0x7fedbe9b8430> https://habitica.com/api/v3/members/8ecdf10a-fec8-4e58-b205-987ec79ee28a
2025-04-27 03:48:27,792 - DEBUG - Request: <function get at 0x7fedbe9b8430> https://habitica.com/api/v3/members/90b418db-33c9-41b3-9be7-83abe6e7e03f
2025-04-27 03:48:29,969 - DEBUG - Request: <function get at 0x7fedbe9b8430> https://habitica.com/api/v3/members/95b322a1-34be-4ca8-b2d6-cc211a3d4128
2025-04-27 03:48:32,102 - DEBUG - Request: <function get at 0x7fedbe9b8430> https://habitica.com/api/v3/members/9e169b42-8f3c-4cdd-acb4-1f07a9203206
2025-04-27 03:48:34,238 - DEBUG - Request: <function get at 0x7fedbe9b8430> https://habitica.com/api/v3/members/abc52830-5322-441f-aa49-907791cfc177
2025-04-27 03:48:36,414 - DEBUG - Request: <function get at 0x7fedbe9b8430> https://habitica.com/api/v3/members/b5119d0f-7044-4ec0-beea-eb03ff75b57f
2025-04-27 03:48:38,567 - DEBUG - Request: <function get at 0x7fedbe9b8430> https://habitica.com/api/v3/members/c6e210e3-030a-4cec-9a9a-3ba23be20a4f
2025-04-27 03:48:40,696 - DEBUG - Request: <function get at 0x7fedbe9b8430> https://habitica.com/api/v3/members/d7a489cf-0c42-4f67-bd34-44c7dcc66425
2025-04-27 03:48:42,979 - DEBUG - Request: <function get at 0x7fedbe9b8430> https://habitica.com/api/v3/members/dc015e4c-545a-418d-b8be-b621be2472cb
2025-04-27 03:48:45,112 - DEBUG - Request: <function get at 0x7fedbe9b8430> https://habitica.com/api/v3/members/dc80820e-26be-4e00-8547-2f12d03cd80d
2025-04-27 03:48:47,366 - DEBUG - Request: <function get at 0x7fedbe9b8430> https://habitica.com/api/v3/members/e2ce7520-3ca5-45e1-acd7-4f65e14ab6c3
2025-04-27 03:48:49,617 - DEBUG - Request: <function get at 0x7fedbe9b8430> https://habitica.com/api/v3/members/e8d56abd-18b8-49b2-8fa2-905224e5ace2
2025-04-27 03:48:51,734 - DEBUG - Request: <function get at 0x7fedbe9b8430> https://habitica.com/api/v3/members/fb839cf4-222e-42a9-a51a-f083746a5a47
2025-04-27 03:48:57,643 - DEBUG - Request: <function get at 0x7fedbe9b8430> https://habitica.com/api/v3/looking-for-party
2025-04-27 03:48:59,788 - DEBUG - Request: <function post at 0x7fedbe9b85e0> https://habitica.com/api/v3/groups/party/invite
2025-04-27 03:49:02,190 - DEBUG - Request: <function post at 0x7fedbe9b85e0> https://habitica.com/api/v3/groups/party/chat
2025-04-27 03:49:02,190 - INFO - Party chat message sent: #### Here is a list of invited member(s): 

- [Chele sell seashell](https://habitica.com/profile/cff34d47-b1f2-472b-8726-86281f36eed3)

###### by [`scheduled Actions`](https://github.com/Delta-Water/Habitica-Party/).
2025-04-27 03:49:02,190 - INFO - Invitations sent to ['Chele sell seashell'].
2025-04-27 03:49:02,191 - INFO - Habitica party management script completed successfully.
