2025-04-30 07:49:54,060 - DEBUG - Request: <function get at 0x7f59cb220310> https://habitica.com/api/v3/members/64491d41-97f3-4428-b4d3-d7dda1cca648
2025-04-30 07:49:56,176 - DEBUG - Request: <function get at 0x7f59cb220310> https://habitica.com/api/v3/members/708ddcc9-a990-4763-b09f-48f990c121f8
2025-04-30 07:49:58,353 - DEBUG - Request: <function get at 0x7f59cb220310> https://habitica.com/api/v3/members/70b71ce7-125f-43b3-b384-4592b93b19f5
2025-04-30 07:50:00,480 - DEBUG - Request: <function get at 0x7f59cb220310> https://habitica.com/api/v3/members/8ecdf10a-fec8-4e58-b205-987ec79ee28a
2025-04-30 07:50:02,596 - DEBUG - Request: <function get at 0x7f59cb220310> https://habitica.com/api/v3/members/90b418db-33c9-41b3-9be7-83abe6e7e03f
2025-04-30 07:50:04,706 - DEBUG - Request: <function get at 0x7f59cb220310> https://habitica.com/api/v3/members/9e169b42-8f3c-4cdd-acb4-1f07a9203206
2025-04-30 07:50:06,934 - DEBUG - Request: <function get at 0x7f59cb220310> https://habitica.com/api/v3/members/abc52830-5322-441f-aa49-907791cfc177
2025-04-30 07:50:09,051 - DEBUG - Request: <function get at 0x7f59cb220310> https://habitica.com/api/v3/members/b5119d0f-7044-4ec0-beea-eb03ff75b57f
2025-04-30 07:50:11,265 - DEBUG - Request: <function get at 0x7f59cb220310> https://habitica.com/api/v3/members/c6e210e3-030a-4cec-9a9a-3ba23be20a4f
2025-04-30 07:50:13,418 - DEBUG - Request: <function get at 0x7f59cb220310> https://habitica.com/api/v3/members/c9f6f0b4-1164-4561-bdc8-20b250424a26
2025-04-30 07:50:15,538 - DEBUG - Request: <function get at 0x7f59cb220310> https://habitica.com/api/v3/members/d7a489cf-0c42-4f67-bd34-44c7dcc66425
2025-04-30 07:50:17,651 - DEBUG - Request: <function get at 0x7f59cb220310> https://habitica.com/api/v3/members/dc015e4c-545a-418d-b8be-b621be2472cb
2025-04-30 07:50:19,780 - DEBUG - Request: <function get at 0x7f59cb220310> https://habitica.com/api/v3/members/dc80820e-26be-4e00-8547-2f12d03cd80d
2025-04-30 07:50:21,903 - DEBUG - Request: <function get at 0x7f59cb220310> https://habitica.com/api/v3/members/e2ce7520-3ca5-45e1-acd7-4f65e14ab6c3
2025-04-30 07:50:24,031 - DEBUG - Request: <function get at 0x7f59cb220310> https://habitica.com/api/v3/members/fb839cf4-222e-42a9-a51a-f083746a5a47
2025-04-30 07:50:26,372 - DEBUG - Request: <function put at 0x7f59cb220550> https://habitica.com/api/v3/groups/party
2025-04-30 07:50:26,373 - INFO - Party description updated successfully.
2025-04-30 08:34:34,302 - INFO - # 4390
2025-04-30 08:34:35,215 - DEBUG - Request: <function get at 0x7f865aaec310> https://sentence.iciba.com/?c=dailysentence&m=getTodaySentence
2025-04-30 08:34:37,395 - DEBUG - Request: <function get at 0x7f865aaec310> https://habitica.com/api/v3/groups/party/members
2025-04-30 08:34:39,579 - DEBUG - Request: <function get at 0x7f865aaec310> https://habitica.com/api/v3/members/088d8c92-02b2-4e20-823d-1fab25549255
2025-04-30 08:34:41,765 - DEBUG - Request: <function get at 0x7f865aaec310> https://habitica.com/api/v3/members/0b41e9cd-4d27-4841-b887-1d4faf7cb390
2025-04-30 08:34:44,091 - DEBUG - Request: <function get at 0x7f865aaec310> https://habitica.com/api/v3/members/0c0f7c85-363c-48ca-a502-cc7fc154a177
2025-04-30 08:34:46,275 - DEBUG - Request: <function get at 0x7f865aaec310> https://habitica.com/api/v3/members/1347f170-5bff-4012-920a-afc7a40a86d1
2025-04-30 08:34:48,463 - DEBUG - Request: <function get at 0x7f865aaec310> https://habitica.com/api/v3/members/2f954fc0-426a-4757-812c-28e17dd455ec
2025-04-30 08:34:50,649 - DEBUG - Request: <function get at 0x7f865aaec310> https://habitica.com/api/v3/members/3e95e228-d253-482a-b95e-0130df2126e2
2025-04-30 08:34:52,849 - DEBUG - Request: <function get at 0x7f865aaec310> https://habitica.com/api/v3/members/51acdc8d-e1cf-4d89-a0f0-0ecedcde9e26
2025-04-30 08:34:55,047 - DEBUG - Request: <function get at 0x7f865aaec310> https://habitica.com/api/v3/members/64491d41-97f3-4428-b4d3-d7dda1cca648
2025-04-30 08:34:57,229 - DEBUG - Request: <function get at 0x7f865aaec310> https://habitica.com/api/v3/members/708ddcc9-a990-4763-b09f-48f990c121f8
2025-04-30 08:34:59,411 - DEBUG - Request: <function get at 0x7f865aaec310> https://habitica.com/api/v3/members/70b71ce7-125f-43b3-b384-4592b93b19f5
2025-04-30 08:35:01,591 - DEBUG - Request: <function get at 0x7f865aaec310> https://habitica.com/api/v3/members/8ecdf10a-fec8-4e58-b205-987ec79ee28a
2025-04-30 08:35:03,782 - DEBUG - Request: <function get at 0x7f865aaec310> https://habitica.com/api/v3/members/90b418db-33c9-41b3-9be7-83abe6e7e03f
2025-04-30 08:35:05,968 - DEBUG - Request: <function get at 0x7f865aaec310> https://habitica.com/api/v3/members/9e169b42-8f3c-4cdd-acb4-1f07a9203206
2025-04-30 08:35:08,169 - DEBUG - Request: <function get at 0x7f865aaec310> https://habitica.com/api/v3/members/abc52830-5322-441f-aa49-907791cfc177
2025-04-30 08:35:10,417 - DEBUG - Request: <function get at 0x7f865aaec310> https://habitica.com/api/v3/members/b5119d0f-7044-4ec0-beea-eb03ff75b57f
2025-04-30 08:35:12,600 - DEBUG - Request: <function get at 0x7f865aaec310> https://habitica.com/api/v3/members/c6e210e3-030a-4cec-9a9a-3ba23be20a4f
2025-04-30 08:35:14,784 - DEBUG - Request: <function get at 0x7f865aaec310> https://habitica.com/api/v3/members/c9f6f0b4-1164-4561-bdc8-20b250424a26
2025-04-30 08:35:16,965 - DEBUG - Request: <function get at 0x7f865aaec310> https://habitica.com/api/v3/members/d7a489cf-0c42-4f67-bd34-44c7dcc66425
2025-04-30 08:35:19,151 - DEBUG - Request: <function get at 0x7f865aaec310> https://habitica.com/api/v3/members/dc015e4c-545a-418d-b8be-b621be2472cb
2025-04-30 08:35:21,338 - DEBUG - Request: <function get at 0x7f865aaec310> https://habitica.com/api/v3/members/dc80820e-26be-4e00-8547-2f12d03cd80d
2025-04-30 08:35:23,528 - DEBUG - Request: <function get at 0x7f865aaec310> https://habitica.com/api/v3/members/e2ce7520-3ca5-45e1-acd7-4f65e14ab6c3
2025-04-30 08:35:25,712 - DEBUG - Request: <function get at 0x7f865aaec310> https://habitica.com/api/v3/members/fb839cf4-222e-42a9-a51a-f083746a5a47
2025-04-30 08:35:28,387 - DEBUG - Request: <function put at 0x7f865aaec550> https://habitica.com/api/v3/groups/party
2025-04-30 08:35:28,387 - INFO - Party description updated successfully.
2025-04-30 08:55:00,399 - INFO - # 4391
2025-04-30 08:55:01,369 - DEBUG - Request: <function get at 0x7efd23cfd310> https://sentence.iciba.com/?c=dailysentence&m=getTodaySentence
2025-04-30 08:55:03,630 - DEBUG - Request: <function get at 0x7efd23cfd310> https://habitica.com/api/v3/groups/party/members
2025-04-30 08:55:05,848 - DEBUG - Request: <function get at 0x7efd23cfd310> https://habitica.com/api/v3/members/088d8c92-02b2-4e20-823d-1fab25549255
2025-04-30 08:55:08,044 - DEBUG - Request: <function get at 0x7efd23cfd310> https://habitica.com/api/v3/members/0b41e9cd-4d27-4841-b887-1d4faf7cb390
2025-04-30 08:55:10,227 - DEBUG - Request: <function get at 0x7efd23cfd310> https://habitica.com/api/v3/members/0c0f7c85-363c-48ca-a502-cc7fc154a177
2025-04-30 08:55:12,413 - DEBUG - Request: <function get at 0x7efd23cfd310> https://habitica.com/api/v3/members/1347f170-5bff-4012-920a-afc7a40a86d1
2025-04-30 08:55:14,595 - DEBUG - Request: <function get at 0x7efd23cfd310> https://habitica.com/api/v3/members/2f954fc0-426a-4757-812c-28e17dd455ec
2025-04-30 08:55:16,808 - DEBUG - Request: <function get at 0x7efd23cfd310> https://habitica.com/api/v3/members/3e95e228-d253-482a-b95e-0130df2126e2
2025-04-30 08:55:18,991 - DEBUG - Request: <function get at 0x7efd23cfd310> https://habitica.com/api/v3/members/51acdc8d-e1cf-4d89-a0f0-0ecedcde9e26
2025-04-30 08:55:21,174 - DEBUG - Request: <function get at 0x7efd23cfd310> https://habitica.com/api/v3/members/64491d41-97f3-4428-b4d3-d7dda1cca648
2025-04-30 08:55:23,399 - DEBUG - Request: <function get at 0x7efd23cfd310> https://habitica.com/api/v3/members/708ddcc9-a990-4763-b09f-48f990c121f8
2025-04-30 08:55:25,585 - DEBUG - Request: <function get at 0x7efd23cfd310> https://habitica.com/api/v3/members/70b71ce7-125f-43b3-b384-4592b93b19f5
2025-04-30 08:55:27,769 - DEBUG - Request: <function get at 0x7efd23cfd310> https://habitica.com/api/v3/members/8ecdf10a-fec8-4e58-b205-987ec79ee28a
2025-04-30 08:55:30,268 - DEBUG - Request: <function get at 0x7efd23cfd310> https://habitica.com/api/v3/members/90b418db-33c9-41b3-9be7-83abe6e7e03f
2025-04-30 08:55:32,457 - DEBUG - Request: <function get at 0x7efd23cfd310> https://habitica.com/api/v3/members/9e169b42-8f3c-4cdd-acb4-1f07a9203206
2025-04-30 08:55:34,661 - DEBUG - Request: <function get at 0x7efd23cfd310> https://habitica.com/api/v3/members/abc52830-5322-441f-aa49-907791cfc177
2025-04-30 08:55:36,843 - DEBUG - Request: <function get at 0x7efd23cfd310> https://habitica.com/api/v3/members/b5119d0f-7044-4ec0-beea-eb03ff75b57f
2025-04-30 08:55:39,110 - DEBUG - Request: <function get at 0x7efd23cfd310> https://habitica.com/api/v3/members/c6e210e3-030a-4cec-9a9a-3ba23be20a4f
2025-04-30 08:55:41,295 - DEBUG - Request: <function get at 0x7efd23cfd310> https://habitica.com/api/v3/members/c9f6f0b4-1164-4561-bdc8-20b250424a26
2025-04-30 08:55:43,477 - DEBUG - Request: <function get at 0x7efd23cfd310> https://habitica.com/api/v3/members/d7a489cf-0c42-4f67-bd34-44c7dcc66425
2025-04-30 08:55:45,661 - DEBUG - Request: <function get at 0x7efd23cfd310> https://habitica.com/api/v3/members/dc015e4c-545a-418d-b8be-b621be2472cb
2025-04-30 08:55:47,845 - DEBUG - Request: <function get at 0x7efd23cfd310> https://habitica.com/api/v3/members/dc80820e-26be-4e00-8547-2f12d03cd80d
2025-04-30 08:55:50,030 - DEBUG - Request: <function get at 0x7efd23cfd310> https://habitica.com/api/v3/members/e2ce7520-3ca5-45e1-acd7-4f65e14ab6c3
2025-04-30 08:55:52,219 - DEBUG - Request: <function get at 0x7efd23cfd310> https://habitica.com/api/v3/members/fb839cf4-222e-42a9-a51a-f083746a5a47
2025-04-30 08:55:54,615 - DEBUG - Request: <function put at 0x7efd23cfd550> https://habitica.com/api/v3/groups/party
2025-04-30 08:55:54,615 - INFO - Party description updated successfully.
2025-04-30 09:28:35,326 - INFO - # 4392
2025-04-30 09:28:36,406 - DEBUG - Request: <function get at 0x7f133f812310> https://sentence.iciba.com/?c=dailysentence&m=getTodaySentence
2025-04-30 09:28:38,529 - DEBUG - Request: <function get at 0x7f133f812310> https://habitica.com/api/v3/groups/party/members
2025-04-30 09:28:40,691 - DEBUG - Request: <function get at 0x7f133f812310> https://habitica.com/api/v3/members/088d8c92-02b2-4e20-823d-1fab25549255
2025-04-30 09:28:42,879 - DEBUG - Request: <function get at 0x7f133f812310> https://habitica.com/api/v3/members/0b41e9cd-4d27-4841-b887-1d4faf7cb390
2025-04-30 09:28:44,999 - DEBUG - Request: <function get at 0x7f133f812310> https://habitica.com/api/v3/members/0c0f7c85-363c-48ca-a502-cc7fc154a177
2025-04-30 09:28:47,122 - DEBUG - Request: <function get at 0x7f133f812310> https://habitica.com/api/v3/members/1347f170-5bff-4012-920a-afc7a40a86d1
2025-04-30 09:28:49,277 - DEBUG - Request: <function get at 0x7f133f812310> https://habitica.com/api/v3/members/2f954fc0-426a-4757-812c-28e17dd455ec
2025-04-30 09:28:51,415 - DEBUG - Request: <function get at 0x7f133f812310> https://habitica.com/api/v3/members/3e95e228-d253-482a-b95e-0130df2126e2
2025-04-30 09:28:53,536 - DEBUG - Request: <function get at 0x7f133f812310> https://habitica.com/api/v3/members/51acdc8d-e1cf-4d89-a0f0-0ecedcde9e26
2025-04-30 09:28:55,669 - DEBUG - Request: <function get at 0x7f133f812310> https://habitica.com/api/v3/members/64491d41-97f3-4428-b4d3-d7dda1cca648
2025-04-30 09:28:57,789 - DEBUG - Request: <function get at 0x7f133f812310> https://habitica.com/api/v3/members/708ddcc9-a990-4763-b09f-48f990c121f8
2025-04-30 09:28:59,910 - DEBUG - Request: <function get at 0x7f133f812310> https://habitica.com/api/v3/members/70b71ce7-125f-43b3-b384-4592b93b19f5
2025-04-30 09:29:02,039 - DEBUG - Request: <function get at 0x7f133f812310> https://habitica.com/api/v3/members/8ecdf10a-fec8-4e58-b205-987ec79ee28a
2025-04-30 09:29:04,175 - DEBUG - Request: <function get at 0x7f133f812310> https://habitica.com/api/v3/members/90b418db-33c9-41b3-9be7-83abe6e7e03f
2025-04-30 09:29:06,293 - DEBUG - Request: <function get at 0x7f133f812310> https://habitica.com/api/v3/members/9e169b42-8f3c-4cdd-acb4-1f07a9203206
2025-04-30 09:29:08,435 - DEBUG - Request: <function get at 0x7f133f812310> https://habitica.com/api/v3/members/abc52830-5322-441f-aa49-907791cfc177
2025-04-30 09:29:10,558 - DEBUG - Request: <function get at 0x7f133f812310> https://habitica.com/api/v3/members/b5119d0f-7044-4ec0-beea-eb03ff75b57f
2025-04-30 09:29:12,683 - DEBUG - Request: <function get at 0x7f133f812310> https://habitica.com/api/v3/members/c6e210e3-030a-4cec-9a9a-3ba23be20a4f
2025-04-30 09:29:14,802 - DEBUG - Request: <function get at 0x7f133f812310> https://habitica.com/api/v3/members/c9f6f0b4-1164-4561-bdc8-20b250424a26
2025-04-30 09:29:16,927 - DEBUG - Request: <function get at 0x7f133f812310> https://habitica.com/api/v3/members/d7a489cf-0c42-4f67-bd34-44c7dcc66425
2025-04-30 09:29:19,043 - DEBUG - Request: <function get at 0x7f133f812310> https://habitica.com/api/v3/members/dc015e4c-545a-418d-b8be-b621be2472cb
2025-04-30 09:29:21,160 - DEBUG - Request: <function get at 0x7f133f812310> https://habitica.com/api/v3/members/dc80820e-26be-4e00-8547-2f12d03cd80d
2025-04-30 09:29:23,338 - DEBUG - Request: <function get at 0x7f133f812310> https://habitica.com/api/v3/members/e2ce7520-3ca5-45e1-acd7-4f65e14ab6c3
2025-04-30 09:29:25,462 - DEBUG - Request: <function get at 0x7f133f812310> https://habitica.com/api/v3/members/fb839cf4-222e-42a9-a51a-f083746a5a47
2025-04-30 09:29:27,870 - DEBUG - Request: <function put at 0x7f133f812550> https://habitica.com/api/v3/groups/party
2025-04-30 09:29:27,870 - INFO - Party description updated successfully.
2025-04-30 09:49:33,888 - INFO - # 4393
2025-04-30 09:49:34,780 - DEBUG - Request: <function get at 0x7f88a9a13310> https://sentence.iciba.com/?c=dailysentence&m=getTodaySentence
2025-04-30 09:49:36,972 - DEBUG - Request: <function get at 0x7f88a9a13310> https://habitica.com/api/v3/groups/party/members
2025-04-30 09:49:39,231 - DEBUG - Request: <function get at 0x7f88a9a13310> https://habitica.com/api/v3/members/088d8c92-02b2-4e20-823d-1fab25549255
2025-04-30 09:49:41,451 - DEBUG - Request: <function get at 0x7f88a9a13310> https://habitica.com/api/v3/members/0b41e9cd-4d27-4841-b887-1d4faf7cb390
2025-04-30 09:49:43,573 - DEBUG - Request: <function get at 0x7f88a9a13310> https://habitica.com/api/v3/members/0c0f7c85-363c-48ca-a502-cc7fc154a177
2025-04-30 09:49:45,692 - DEBUG - Request: <function get at 0x7f88a9a13310> https://habitica.com/api/v3/members/1347f170-5bff-4012-920a-afc7a40a86d1
2025-04-30 09:49:47,812 - DEBUG - Request: <function get at 0x7f88a9a13310> https://habitica.com/api/v3/members/2f954fc0-426a-4757-812c-28e17dd455ec
2025-04-30 09:49:49,929 - DEBUG - Request: <function get at 0x7f88a9a13310> https://habitica.com/api/v3/members/3e95e228-d253-482a-b95e-0130df2126e2
2025-04-30 09:49:52,048 - DEBUG - Request: <function get at 0x7f88a9a13310> https://habitica.com/api/v3/members/51acdc8d-e1cf-4d89-a0f0-0ecedcde9e26
2025-04-30 09:49:54,462 - DEBUG - Request: <function get at 0x7f88a9a13310> https://habitica.com/api/v3/members/64491d41-97f3-4428-b4d3-d7dda1cca648
2025-04-30 09:49:56,654 - DEBUG - Request: <function get at 0x7f88a9a13310> https://habitica.com/api/v3/members/708ddcc9-a990-4763-b09f-48f990c121f8
2025-04-30 09:49:58,768 - DEBUG - Request: <function get at 0x7f88a9a13310> https://habitica.com/api/v3/members/70b71ce7-125f-43b3-b384-4592b93b19f5
2025-04-30 09:50:00,888 - DEBUG - Request: <function get at 0x7f88a9a13310> https://habitica.com/api/v3/members/8ecdf10a-fec8-4e58-b205-987ec79ee28a
2025-04-30 09:50:03,030 - DEBUG - Request: <function get at 0x7f88a9a13310> https://habitica.com/api/v3/members/90b418db-33c9-41b3-9be7-83abe6e7e03f
2025-04-30 09:50:05,228 - DEBUG - Request: <function get at 0x7f88a9a13310> https://habitica.com/api/v3/members/9e169b42-8f3c-4cdd-acb4-1f07a9203206
2025-04-30 09:50:07,358 - DEBUG - Request: <function get at 0x7f88a9a13310> https://habitica.com/api/v3/members/abc52830-5322-441f-aa49-907791cfc177
2025-04-30 09:50:09,476 - DEBUG - Request: <function get at 0x7f88a9a13310> https://habitica.com/api/v3/members/b5119d0f-7044-4ec0-beea-eb03ff75b57f
2025-04-30 09:50:11,757 - DEBUG - Request: <function get at 0x7f88a9a13310> https://habitica.com/api/v3/members/c6e210e3-030a-4cec-9a9a-3ba23be20a4f
2025-04-30 09:50:13,930 - DEBUG - Request: <function get at 0x7f88a9a13310> https://habitica.com/api/v3/members/c9f6f0b4-1164-4561-bdc8-20b250424a26
2025-04-30 09:50:16,053 - DEBUG - Request: <function get at 0x7f88a9a13310> https://habitica.com/api/v3/members/d7a489cf-0c42-4f67-bd34-44c7dcc66425
2025-04-30 09:50:18,175 - DEBUG - Request: <function get at 0x7f88a9a13310> https://habitica.com/api/v3/members/dc015e4c-545a-418d-b8be-b621be2472cb
2025-04-30 09:50:20,294 - DEBUG - Request: <function get at 0x7f88a9a13310> https://habitica.com/api/v3/members/dc80820e-26be-4e00-8547-2f12d03cd80d
2025-04-30 09:50:22,416 - DEBUG - Request: <function get at 0x7f88a9a13310> https://habitica.com/api/v3/members/e2ce7520-3ca5-45e1-acd7-4f65e14ab6c3
2025-04-30 09:50:24,533 - DEBUG - Request: <function get at 0x7f88a9a13310> https://habitica.com/api/v3/members/fb839cf4-222e-42a9-a51a-f083746a5a47
2025-04-30 09:50:26,861 - DEBUG - Request: <function put at 0x7f88a9a13550> https://habitica.com/api/v3/groups/party
2025-04-30 09:50:26,861 - INFO - Party description updated successfully.
2025-04-30 10:28:22,025 - INFO - # 4394
2025-04-30 10:28:23,027 - DEBUG - Request: <function get at 0x7fb2bf68e310> https://sentence.iciba.com/?c=dailysentence&m=getTodaySentence
2025-04-30 10:28:25,157 - DEBUG - Request: <function get at 0x7fb2bf68e310> https://habitica.com/api/v3/groups/party/members
2025-04-30 10:28:27,406 - DEBUG - Request: <function get at 0x7fb2bf68e310> https://habitica.com/api/v3/members/088d8c92-02b2-4e20-823d-1fab25549255
2025-04-30 10:28:29,539 - DEBUG - Request: <function get at 0x7fb2bf68e310> https://habitica.com/api/v3/members/0b41e9cd-4d27-4841-b887-1d4faf7cb390
2025-04-30 10:28:31,676 - DEBUG - Request: <function get at 0x7fb2bf68e310> https://habitica.com/api/v3/members/0c0f7c85-363c-48ca-a502-cc7fc154a177
2025-04-30 10:28:33,822 - DEBUG - Request: <function get at 0x7fb2bf68e310> https://habitica.com/api/v3/members/1347f170-5bff-4012-920a-afc7a40a86d1
2025-04-30 10:28:36,116 - DEBUG - Request: <function get at 0x7fb2bf68e310> https://habitica.com/api/v3/members/2f954fc0-426a-4757-812c-28e17dd455ec
2025-04-30 10:28:38,319 - DEBUG - Request: <function get at 0x7fb2bf68e310> https://habitica.com/api/v3/members/3e95e228-d253-482a-b95e-0130df2126e2
2025-04-30 10:28:40,463 - DEBUG - Request: <function get at 0x7fb2bf68e310> https://habitica.com/api/v3/members/51acdc8d-e1cf-4d89-a0f0-0ecedcde9e26
2025-04-30 10:28:42,623 - DEBUG - Request: <function get at 0x7fb2bf68e310> https://habitica.com/api/v3/members/64491d41-97f3-4428-b4d3-d7dda1cca648
2025-04-30 10:28:44,867 - DEBUG - Request: <function get at 0x7fb2bf68e310> https://habitica.com/api/v3/members/708ddcc9-a990-4763-b09f-48f990c121f8
2025-04-30 10:28:46,986 - DEBUG - Request: <function get at 0x7fb2bf68e310> https://habitica.com/api/v3/members/70b71ce7-125f-43b3-b384-4592b93b19f5
2025-04-30 10:28:49,136 - DEBUG - Request: <function get at 0x7fb2bf68e310> https://habitica.com/api/v3/members/8ecdf10a-fec8-4e58-b205-987ec79ee28a
2025-04-30 10:28:51,267 - DEBUG - Request: <function get at 0x7fb2bf68e310> https://habitica.com/api/v3/members/90b418db-33c9-41b3-9be7-83abe6e7e03f
2025-04-30 10:28:53,528 - DEBUG - Request: <function get at 0x7fb2bf68e310> https://habitica.com/api/v3/members/9e169b42-8f3c-4cdd-acb4-1f07a9203206
2025-04-30 10:28:55,756 - DEBUG - Request: <function get at 0x7fb2bf68e310> https://habitica.com/api/v3/members/abc52830-5322-441f-aa49-907791cfc177
2025-04-30 10:28:57,886 - DEBUG - Request: <function get at 0x7fb2bf68e310> https://habitica.com/api/v3/members/b5119d0f-7044-4ec0-beea-eb03ff75b57f
2025-04-30 10:29:00,005 - DEBUG - Request: <function get at 0x7fb2bf68e310> https://habitica.com/api/v3/members/c6e210e3-030a-4cec-9a9a-3ba23be20a4f
2025-04-30 10:29:02,138 - DEBUG - Request: <function get at 0x7fb2bf68e310> https://habitica.com/api/v3/members/c9f6f0b4-1164-4561-bdc8-20b250424a26
2025-04-30 10:29:04,310 - DEBUG - Request: <function get at 0x7fb2bf68e310> https://habitica.com/api/v3/members/d7a489cf-0c42-4f67-bd34-44c7dcc66425
2025-04-30 10:29:06,429 - DEBUG - Request: <function get at 0x7fb2bf68e310> https://habitica.com/api/v3/members/dc015e4c-545a-418d-b8be-b621be2472cb
2025-04-30 10:29:08,570 - DEBUG - Request: <function get at 0x7fb2bf68e310> https://habitica.com/api/v3/members/dc80820e-26be-4e00-8547-2f12d03cd80d
2025-04-30 10:29:10,869 - DEBUG - Request: <function get at 0x7fb2bf68e310> https://habitica.com/api/v3/members/e2ce7520-3ca5-45e1-acd7-4f65e14ab6c3
2025-04-30 10:29:12,997 - DEBUG - Request: <function get at 0x7fb2bf68e310> https://habitica.com/api/v3/members/fb839cf4-222e-42a9-a51a-f083746a5a47
2025-04-30 10:29:15,421 - DEBUG - Request: <function put at 0x7fb2bf68e550> https://habitica.com/api/v3/groups/party
2025-04-30 10:29:15,421 - INFO - Party description updated successfully.
2025-04-30 10:51:39,684 - INFO - # 4395
2025-04-30 10:51:40,426 - DEBUG - Request: <function get at 0x7f66a3f2c310> https://sentence.iciba.com/?c=dailysentence&m=getTodaySentence
2025-04-30 10:51:42,498 - DEBUG - Request: <function get at 0x7f66a3f2c310> https://habitica.com/api/v3/groups/party/members
2025-04-30 10:51:44,569 - DEBUG - Request: <function get at 0x7f66a3f2c310> https://habitica.com/api/v3/members/088d8c92-02b2-4e20-823d-1fab25549255
2025-04-30 10:51:46,809 - DEBUG - Request: <function get at 0x7f66a3f2c310> https://habitica.com/api/v3/members/0b41e9cd-4d27-4841-b887-1d4faf7cb390
2025-04-30 10:51:48,885 - DEBUG - Request: <function get at 0x7f66a3f2c310> https://habitica.com/api/v3/members/0c0f7c85-363c-48ca-a502-cc7fc154a177
2025-04-30 10:51:50,956 - DEBUG - Request: <function get at 0x7f66a3f2c310> https://habitica.com/api/v3/members/1347f170-5bff-4012-920a-afc7a40a86d1
2025-04-30 10:51:53,027 - DEBUG - Request: <function get at 0x7f66a3f2c310> https://habitica.com/api/v3/members/2f954fc0-426a-4757-812c-28e17dd455ec
2025-04-30 10:51:55,086 - DEBUG - Request: <function get at 0x7f66a3f2c310> https://habitica.com/api/v3/members/3e95e228-d253-482a-b95e-0130df2126e2
2025-04-30 10:51:57,152 - DEBUG - Request: <function get at 0x7f66a3f2c310> https://habitica.com/api/v3/members/51acdc8d-e1cf-4d89-a0f0-0ecedcde9e26
2025-04-30 10:51:59,234 - DEBUG - Request: <function get at 0x7f66a3f2c310> https://habitica.com/api/v3/members/64491d41-97f3-4428-b4d3-d7dda1cca648
2025-04-30 10:52:01,301 - DEBUG - Request: <function get at 0x7f66a3f2c310> https://habitica.com/api/v3/members/708ddcc9-a990-4763-b09f-48f990c121f8
2025-04-30 10:52:03,364 - DEBUG - Request: <function get at 0x7f66a3f2c310> https://habitica.com/api/v3/members/70b71ce7-125f-43b3-b384-4592b93b19f5
2025-04-30 10:52:05,429 - DEBUG - Request: <function get at 0x7f66a3f2c310> https://habitica.com/api/v3/members/8ecdf10a-fec8-4e58-b205-987ec79ee28a
2025-04-30 10:52:07,503 - DEBUG - Request: <function get at 0x7f66a3f2c310> https://habitica.com/api/v3/members/90b418db-33c9-41b3-9be7-83abe6e7e03f
2025-04-30 10:52:09,565 - DEBUG - Request: <function get at 0x7f66a3f2c310> https://habitica.com/api/v3/members/9e169b42-8f3c-4cdd-acb4-1f07a9203206
2025-04-30 10:52:11,639 - DEBUG - Request: <function get at 0x7f66a3f2c310> https://habitica.com/api/v3/members/abc52830-5322-441f-aa49-907791cfc177
2025-04-30 10:52:13,706 - DEBUG - Request: <function get at 0x7f66a3f2c310> https://habitica.com/api/v3/members/b5119d0f-7044-4ec0-beea-eb03ff75b57f
2025-04-30 10:52:15,770 - DEBUG - Request: <function get at 0x7f66a3f2c310> https://habitica.com/api/v3/members/c6e210e3-030a-4cec-9a9a-3ba23be20a4f
2025-04-30 10:52:17,838 - DEBUG - Request: <function get at 0x7f66a3f2c310> https://habitica.com/api/v3/members/c9f6f0b4-1164-4561-bdc8-20b250424a26
2025-04-30 10:52:19,905 - DEBUG - Request: <function get at 0x7f66a3f2c310> https://habitica.com/api/v3/members/d7a489cf-0c42-4f67-bd34-44c7dcc66425
2025-04-30 10:52:21,968 - DEBUG - Request: <function get at 0x7f66a3f2c310> https://habitica.com/api/v3/members/dc015e4c-545a-418d-b8be-b621be2472cb
2025-04-30 10:52:24,031 - DEBUG - Request: <function get at 0x7f66a3f2c310> https://habitica.com/api/v3/members/dc80820e-26be-4e00-8547-2f12d03cd80d
2025-04-30 10:52:26,097 - DEBUG - Request: <function get at 0x7f66a3f2c310> https://habitica.com/api/v3/members/e2ce7520-3ca5-45e1-acd7-4f65e14ab6c3
2025-04-30 10:52:28,178 - DEBUG - Request: <function get at 0x7f66a3f2c310> https://habitica.com/api/v3/members/fb839cf4-222e-42a9-a51a-f083746a5a47
2025-04-30 10:52:30,486 - DEBUG - Request: <function put at 0x7f66a3f2c550> https://habitica.com/api/v3/groups/party
2025-04-30 10:52:30,486 - INFO - Party description updated successfully.
2025-04-30 11:21:40,348 - INFO - # 4396
2025-04-30 11:21:41,376 - DEBUG - Request: <function get at 0x7fea58f94310> https://sentence.iciba.com/?c=dailysentence&m=getTodaySentence
2025-04-30 11:21:43,678 - DEBUG - Request: <function get at 0x7fea58f94310> https://habitica.com/api/v3/groups/party/members
2025-04-30 11:21:45,795 - DEBUG - Request: <function get at 0x7fea58f94310> https://habitica.com/api/v3/members/088d8c92-02b2-4e20-823d-1fab25549255
2025-04-30 11:21:47,930 - DEBUG - Request: <function get at 0x7fea58f94310> https://habitica.com/api/v3/members/0b41e9cd-4d27-4841-b887-1d4faf7cb390
2025-04-30 11:21:50,113 - DEBUG - Request: <function get at 0x7fea58f94310> https://habitica.com/api/v3/members/0c0f7c85-363c-48ca-a502-cc7fc154a177
2025-04-30 11:21:52,230 - DEBUG - Request: <function get at 0x7fea58f94310> https://habitica.com/api/v3/members/1347f170-5bff-4012-920a-afc7a40a86d1
2025-04-30 11:21:54,345 - DEBUG - Request: <function get at 0x7fea58f94310> https://habitica.com/api/v3/members/2f954fc0-426a-4757-812c-28e17dd455ec
2025-04-30 11:21:56,528 - DEBUG - Request: <function get at 0x7fea58f94310> https://habitica.com/api/v3/members/3e95e228-d253-482a-b95e-0130df2126e2
2025-04-30 11:21:58,830 - DEBUG - Request: <function get at 0x7fea58f94310> https://habitica.com/api/v3/members/51acdc8d-e1cf-4d89-a0f0-0ecedcde9e26
2025-04-30 11:22:01,094 - DEBUG - Request: <function get at 0x7fea58f94310> https://habitica.com/api/v3/members/64491d41-97f3-4428-b4d3-d7dda1cca648
2025-04-30 11:22:03,214 - DEBUG - Request: <function get at 0x7fea58f94310> https://habitica.com/api/v3/members/708ddcc9-a990-4763-b09f-48f990c121f8
2025-04-30 11:22:05,336 - DEBUG - Request: <function get at 0x7fea58f94310> https://habitica.com/api/v3/members/70b71ce7-125f-43b3-b384-4592b93b19f5
2025-04-30 11:22:07,447 - DEBUG - Request: <function get at 0x7fea58f94310> https://habitica.com/api/v3/members/8ecdf10a-fec8-4e58-b205-987ec79ee28a
2025-04-30 11:22:09,616 - DEBUG - Request: <function get at 0x7fea58f94310> https://habitica.com/api/v3/members/90b418db-33c9-41b3-9be7-83abe6e7e03f
2025-04-30 11:22:11,732 - DEBUG - Request: <function get at 0x7fea58f94310> https://habitica.com/api/v3/members/9e169b42-8f3c-4cdd-acb4-1f07a9203206
2025-04-30 11:22:13,921 - DEBUG - Request: <function get at 0x7fea58f94310> https://habitica.com/api/v3/members/abc52830-5322-441f-aa49-907791cfc177
2025-04-30 11:22:16,033 - DEBUG - Request: <function get at 0x7fea58f94310> https://habitica.com/api/v3/members/b5119d0f-7044-4ec0-beea-eb03ff75b57f
2025-04-30 11:22:18,152 - DEBUG - Request: <function get at 0x7fea58f94310> https://habitica.com/api/v3/members/c6e210e3-030a-4cec-9a9a-3ba23be20a4f
2025-04-30 11:22:20,314 - DEBUG - Request: <function get at 0x7fea58f94310> https://habitica.com/api/v3/members/c9f6f0b4-1164-4561-bdc8-20b250424a26
2025-04-30 11:22:22,435 - DEBUG - Request: <function get at 0x7fea58f94310> https://habitica.com/api/v3/members/d7a489cf-0c42-4f67-bd34-44c7dcc66425
2025-04-30 11:22:24,574 - DEBUG - Request: <function get at 0x7fea58f94310> https://habitica.com/api/v3/members/dc015e4c-545a-418d-b8be-b621be2472cb
2025-04-30 11:22:26,702 - DEBUG - Request: <function get at 0x7fea58f94310> https://habitica.com/api/v3/members/dc80820e-26be-4e00-8547-2f12d03cd80d
2025-04-30 11:22:28,838 - DEBUG - Request: <function get at 0x7fea58f94310> https://habitica.com/api/v3/members/e2ce7520-3ca5-45e1-acd7-4f65e14ab6c3
2025-04-30 11:22:30,967 - DEBUG - Request: <function get at 0x7fea58f94310> https://habitica.com/api/v3/members/fb839cf4-222e-42a9-a51a-f083746a5a47
2025-04-30 11:22:33,375 - DEBUG - Request: <function put at 0x7fea58f94550> https://habitica.com/api/v3/groups/party
2025-04-30 11:22:33,375 - INFO - Party description updated successfully.
2025-04-30 11:49:50,230 - INFO - # 4397
2025-04-30 11:49:51,173 - DEBUG - Request: <function get at 0x7f91f6005310> https://sentence.iciba.com/?c=dailysentence&m=getTodaySentence
2025-04-30 11:49:53,298 - DEBUG - Request: <function get at 0x7f91f6005310> https://habitica.com/api/v3/groups/party/members
2025-04-30 11:49:55,430 - DEBUG - Request: <function get at 0x7f91f6005310> https://habitica.com/api/v3/members/088d8c92-02b2-4e20-823d-1fab25549255
2025-04-30 11:49:57,576 - DEBUG - Request: <function get at 0x7f91f6005310> https://habitica.com/api/v3/members/0b41e9cd-4d27-4841-b887-1d4faf7cb390
2025-04-30 11:49:59,687 - DEBUG - Request: <function get at 0x7f91f6005310> https://habitica.com/api/v3/members/0c0f7c85-363c-48ca-a502-cc7fc154a177
2025-04-30 11:50:01,847 - DEBUG - Request: <function get at 0x7f91f6005310> https://habitica.com/api/v3/members/1347f170-5bff-4012-920a-afc7a40a86d1
2025-04-30 11:50:04,160 - DEBUG - Request: <function get at 0x7f91f6005310> https://habitica.com/api/v3/members/2f954fc0-426a-4757-812c-28e17dd455ec
2025-04-30 11:50:06,268 - DEBUG - Request: <function get at 0x7f91f6005310> https://habitica.com/api/v3/members/3e95e228-d253-482a-b95e-0130df2126e2
2025-04-30 11:50:08,415 - DEBUG - Request: <function get at 0x7f91f6005310> https://habitica.com/api/v3/members/51acdc8d-e1cf-4d89-a0f0-0ecedcde9e26
2025-04-30 11:50:10,525 - DEBUG - Request: <function get at 0x7f91f6005310> https://habitica.com/api/v3/members/64491d41-97f3-4428-b4d3-d7dda1cca648
2025-04-30 11:50:12,636 - DEBUG - Request: <function get at 0x7f91f6005310> https://habitica.com/api/v3/members/708ddcc9-a990-4763-b09f-48f990c121f8
2025-04-30 11:50:14,755 - DEBUG - Request: <function get at 0x7f91f6005310> https://habitica.com/api/v3/members/70b71ce7-125f-43b3-b384-4592b93b19f5
2025-04-30 11:50:16,867 - DEBUG - Request: <function get at 0x7f91f6005310> https://habitica.com/api/v3/members/8ecdf10a-fec8-4e58-b205-987ec79ee28a
2025-04-30 11:50:18,983 - DEBUG - Request: <function get at 0x7f91f6005310> https://habitica.com/api/v3/members/90b418db-33c9-41b3-9be7-83abe6e7e03f
2025-04-30 11:50:21,149 - DEBUG - Request: <function get at 0x7f91f6005310> https://habitica.com/api/v3/members/9e169b42-8f3c-4cdd-acb4-1f07a9203206
2025-04-30 11:50:23,432 - DEBUG - Request: <function get at 0x7f91f6005310> https://habitica.com/api/v3/members/abc52830-5322-441f-aa49-907791cfc177
2025-04-30 11:50:25,551 - DEBUG - Request: <function get at 0x7f91f6005310> https://habitica.com/api/v3/members/b5119d0f-7044-4ec0-beea-eb03ff75b57f
2025-04-30 11:50:27,670 - DEBUG - Request: <function get at 0x7f91f6005310> https://habitica.com/api/v3/members/c6e210e3-030a-4cec-9a9a-3ba23be20a4f
2025-04-30 11:50:29,875 - DEBUG - Request: <function get at 0x7f91f6005310> https://habitica.com/api/v3/members/c9f6f0b4-1164-4561-bdc8-20b250424a26
2025-04-30 11:50:31,981 - DEBUG - Request: <function get at 0x7f91f6005310> https://habitica.com/api/v3/members/d7a489cf-0c42-4f67-bd34-44c7dcc66425
2025-04-30 11:50:34,101 - DEBUG - Request: <function get at 0x7f91f6005310> https://habitica.com/api/v3/members/dc015e4c-545a-418d-b8be-b621be2472cb
2025-04-30 11:50:36,301 - DEBUG - Request: <function get at 0x7f91f6005310> https://habitica.com/api/v3/members/dc80820e-26be-4e00-8547-2f12d03cd80d
2025-04-30 11:50:38,519 - DEBUG - Request: <function get at 0x7f91f6005310> https://habitica.com/api/v3/members/e2ce7520-3ca5-45e1-acd7-4f65e14ab6c3
2025-04-30 11:50:40,637 - DEBUG - Request: <function get at 0x7f91f6005310> https://habitica.com/api/v3/members/fb839cf4-222e-42a9-a51a-f083746a5a47
2025-04-30 11:50:43,051 - DEBUG - Request: <function put at 0x7f91f6005550> https://habitica.com/api/v3/groups/party
2025-04-30 11:50:43,051 - INFO - Party description updated successfully.
